<?xml version="1.0" encoding="UTF-8"?>
<testng-results ignored="0" total="1" passed="1" failed="0" skipped="0">
  <reporter-output>
  </reporter-output>
  <suite started-at="2023-04-23T14:23:09 IST" name="Default suite" finished-at="2023-04-23T14:23:09 IST" duration-ms="110">
    <groups>
    </groups>
    <test started-at="2023-04-23T14:23:09 IST" name="Default test" finished-at="2023-04-23T14:23:09 IST" duration-ms="110">
      <class name="GitTest.SampleTest">
        <test-method signature="saple()[pri:0, instance:GitTest.SampleTest@4df50bcc]" started-at="2023-04-23T14:23:09 IST" name="saple" finished-at="2023-04-23T14:23:09 IST" duration-ms="21" status="PASS">
          <reporter-output>
          </reporter-output>
        </test-method> <!-- saple -->
      </class> <!-- GitTest.SampleTest -->
    </test> <!-- Default test -->
  </suite> <!-- Default suite -->
</testng-results>
